<?xml version="1.0" encoding="UTF-8"?>
<testng-results ignored="0" total="1" passed="1" failed="0" skipped="0">
  <reporter-output>
  </reporter-output>
  <suite started-at="2020-09-21T12:04:26Z" name="Default suite" finished-at="2020-09-21T12:04:45Z" duration-ms="18633">
    <groups>
    </groups>
    <test started-at="2020-09-21T12:04:26Z" name="Default test" finished-at="2020-09-21T12:04:45Z" duration-ms="18633">
      <class name="com.atmecs.automationSite.Automation_Site">
        <test-method is-config="true" signature="properties()[pri:0, instance:com.atmecs.automationSite.Automation_Site@5c1a8622]" started-at="2020-09-21T12:04:26Z" name="properties" finished-at="2020-09-21T12:04:37Z" duration-ms="10711" status="PASS">
          <reporter-output>
          </reporter-output>
        </test-method> <!-- properties -->
        <test-method signature="fillform()[pri:0, instance:com.atmecs.automationSite.Automation_Site@5c1a8622]" started-at="2020-09-21T12:04:37Z" name="fillform" finished-at="2020-09-21T12:04:43Z" duration-ms="5814" status="PASS">
          <reporter-output>
          </reporter-output>
        </test-method> <!-- fillform -->
        <test-method is-config="true" signature="close()[pri:0, instance:com.atmecs.automationSite.Automation_Site@5c1a8622]" started-at="2020-09-21T12:04:43Z" name="close" finished-at="2020-09-21T12:04:45Z" duration-ms="2085" status="PASS">
          <reporter-output>
          </reporter-output>
        </test-method> <!-- close -->
      </class> <!-- com.atmecs.automationSite.Automation_Site -->
    </test> <!-- Default test -->
  </suite> <!-- Default suite -->
</testng-results>
